0 info it worked if it ends with ok
1 verbose cli [ '/usr/bin/node', '/usr/bin/npm', 'start' ]
2 info using npm@3.5.2
3 info using node@v8.10.0
4 verbose run-script [ 'prestart', 'start', 'poststart' ]
5 info lifecycle savis@1.0.0~prestart: savis@1.0.0
6 silly lifecycle savis@1.0.0~prestart: no script for prestart, continuing
7 info lifecycle savis@1.0.0~start: savis@1.0.0
8 verbose lifecycle savis@1.0.0~start: unsafe-perm in lifecycle true
9 verbose lifecycle savis@1.0.0~start: PATH: /usr/share/npm/bin/node-gyp-bin:/mnt/c/seniorProject/node_modules/.bin:/usr/local/share/npm/bin:/home/chun/gems/bin:/home/chun/bin:/home/chun/bin:/usr/local/sbin:/usr/local/bin:/usr/sbin:/usr/bin:/sbin:/bin:/usr/games:/usr/local/games:/mnt/c/python371/Scripts:/mnt/c/python371:/mnt/c/Program Files/Python36/Scripts:/mnt/c/Program Files/Python36:/mnt/c/Program Files/NVIDIA GPU Computing Toolkit/CUDA/v9.1/bin:/mnt/c/Program Files/NVIDIA GPU Computing Toolkit/CUDA/v9.1/libnvvp:/mnt/c/ProgramData/Oracle/Java/javapath_target_703278234:/mnt/c/Program Files/Java/jdk1.8.0_144/bin:/mnt/c/Users/chun/algs4/java/bin:/mnt/c/Windows/System32:/mnt/c/Windows:/mnt/c/Windows/System32/wbem:/mnt/c/Windows/System32/WindowsPowerShell/v1.0:/mnt/c/Program Files (x86)/NVIDIA Corporation/PhysX/Common:/mnt/c/Windows/System32:/mnt/c/Windows:/mnt/c/Windows/System32/wbem:/mnt/c/Windows/System32/WindowsPowerShell/v1.0:/mnt/c/php:/mnt/c/Apache24:/mnt/c/Apache24/bin:/mnt/c/MinGW/bin:/mnt/c/TDM-GCC-64/bin:/mnt/c/Windows/System32:/mnt/c/Windows:/mnt/c/Windows/System32/wbem:/mnt/c/Windows/System32/WindowsPowerShell/v1.0:/mnt/c/Windows/System32/OpenSSH:/mnt/c/Program Files/dotnet:/mnt/c/Program Files/Microsoft SQL Server/130/Tools/Binn:/mnt/c/Program Files (x86)/Common Files/Acronis/VirtualFile:/mnt/c/Program Files (x86)/Common Files/Acronis/VirtualFile64:/mnt/c/Program Files (x86)/Common Files/Acronis/FileProtector:/mnt/c/Program Files (x86)/Common Files/Acronis/FileProtector64:/mnt/c/Program Files (x86)/Common Files/Acronis/SnapAPI:/mnt/c/Program Files/Microsoft SQL Server/Client SDK/ODBC/130/Tools/Binn:/mnt/c/Program Files (x86)/Microsoft SQL Server/140/Tools/Binn:/mnt/c/Program Files/Microsoft SQL Server/140/Tools/Binn:/mnt/c/Program Files/Microsoft SQL Server/140/DTS/Binn:/mnt/c/Program Files (x86)/Microsoft SQL Server/Client SDK/ODBC/130/Tools/Binn:/mnt/c/Program Files (x86)/Microsoft SQL Server/140/DTS/Binn:/mnt/c/Program Files (x86)/Microsoft SQL Server/140/Tools/Binn/ManagementStudio:/mnt/c/Program Files/nodejs:/mnt/c/Program Files/Git/cmd:/mnt/c/Program Files/Git/mingw64/bin:/mnt/c/Program Files/Git/usr/bin:/mnt/c/Program Files/Perforce:/mnt/c/Ruby26/bin:/mnt/c/Users/chun/Anaconda3x:/mnt/c/Users/chun/Anaconda3x/Library/mingw-w64/bin:/mnt/c/Users/chun/Anaconda3x/Library/bin:/mnt/c/Users/chun/Anaconda3x/Scripts:/mnt/c/Program Files (x86)/Elm Platform/0.18/bin:/mnt/c/Users/chun/algs4/bin:/mnt/c/Users/chun/algs4/java/bin:/mnt/c/Users/chun/AppData/Local/Microsoft/WindowsApps:/mnt/c/php:/mnt/c/Apache24:/mnt/c/Apache24/bin:/mnt/c/Users/chun/AppData/Local/atom/bin:/mnt/c/Users/chun/.lein/bin:/mnt/c/.lein/bin:/mnt/c/Users/chun/AppData/Local/Microsoft/WindowsApps:/mnt/c/Users/chun/AppData/Local/Programs/Microsoft VS Code/bin:/mnt/c/Users/chun/AppData/Local/GitHubDesktop/bin:/mnt/c/Users/chun/AppData/Roaming/npm:/mnt/c/Program Files/JetBrains/IntelliJ IDEA Community Edition 2018.3.3/bin:/mnt/c/Project/drivers:/snap/bin:/home/chun/.dotnet/tools
10 verbose lifecycle savis@1.0.0~start: CWD: /mnt/c/seniorProject
11 silly lifecycle savis@1.0.0~start: Args: [ '-c', 'electron .' ]
12 silly lifecycle savis@1.0.0~start: Returned: code: 1  signal: null
13 info lifecycle savis@1.0.0~start: Failed to exec start script
14 verbose stack Error: savis@1.0.0 start: `electron .`
14 verbose stack Exit status 1
14 verbose stack     at EventEmitter.<anonymous> (/usr/share/npm/lib/utils/lifecycle.js:232:16)
14 verbose stack     at emitTwo (events.js:126:13)
14 verbose stack     at EventEmitter.emit (events.js:214:7)
14 verbose stack     at ChildProcess.<anonymous> (/usr/share/npm/lib/utils/spawn.js:24:14)
14 verbose stack     at emitTwo (events.js:126:13)
14 verbose stack     at ChildProcess.emit (events.js:214:7)
14 verbose stack     at maybeClose (internal/child_process.js:925:16)
14 verbose stack     at Process.ChildProcess._handle.onexit (internal/child_process.js:209:5)
15 verbose pkgid savis@1.0.0
16 verbose cwd /mnt/c/seniorProject
17 error Linux 4.4.0-17134-Microsoft
18 error argv "/usr/bin/node" "/usr/bin/npm" "start"
19 error node v8.10.0
20 error npm  v3.5.2
21 error code ELIFECYCLE
22 error savis@1.0.0 start: `electron .`
22 error Exit status 1
23 error Failed at the savis@1.0.0 start script 'electron .'.
23 error Make sure you have the latest version of node.js and npm installed.
23 error If you do, this is most likely a problem with the savis package,
23 error not with npm itself.
23 error Tell the author that this fails on your system:
23 error     electron .
23 error You can get information on how to open an issue for this project with:
23 error     npm bugs savis
23 error Or if that isn't available, you can get their info via:
23 error     npm owner ls savis
23 error There is likely additional logging output above.
24 verbose exit [ 1, true ]
